<?xml version="1.0" encoding="UTF-8"?>
<!-- Generated by org.testng.reporters.JUnitXMLReporter -->
<testsuite ignored="0" hostname="premkumar" failures="2" tests="3" name="Test" time="37.63" errors="0" timestamp="2023-07-18T15:31:26 IST">
  <testcase classname="testcases.Login" name="bumodule" time="11.734"/>
  <testcase classname="testcases.Login" name="invalidpasswd" time="10.855">
    <failure type="java.lang.AssertionError" message="expected [User is not Authorized] but found []">
      <![CDATA[java.lang.AssertionError: expected [User is not Authorized] but found []
at testcases.Login.invalidpasswd(Login.java:56)
at java.base/java.util.ArrayList.forEach(ArrayList.java:1511)
... Removed 31 stack frames]]>
    </failure>
  </testcase> <!-- invalidpasswd -->
  <testcase classname="testcases.Login" name="launchurl" time="10.882">
    <failure type="java.lang.AssertionError" message="expected [User is not Authorized] but found []">
      <![CDATA[java.lang.AssertionError: expected [User is not Authorized] but found []
at testcases.Login.launchurl(Login.java:41)
at java.base/java.util.ArrayList.forEach(ArrayList.java:1511)
... Removed 31 stack frames]]>
    </failure>
  </testcase> <!-- launchurl -->
</testsuite> <!-- Test -->
