<?xml version="1.0" encoding="UTF-8"?>
<testng-results ignored="0" total="3" passed="3" failed="0" skipped="0">
  <reporter-output>
  </reporter-output>
  <suite started-at="2023-07-19T10:57:03 IST" name="Suite" finished-at="2023-07-19T10:57:48 IST" duration-ms="44760">
    <groups>
    </groups>
    <test started-at="2023-07-19T10:57:03 IST" name="Test" finished-at="2023-07-19T10:57:48 IST" duration-ms="44760">
      <class name="testcases.Login">
        <test-method is-config="true" signature="setup()[pri:0, instance:testcases.Login@2892dae4]" started-at="2023-07-19T10:57:03 IST" name="setup" finished-at="2023-07-19T10:57:05 IST" duration-ms="1586" status="PASS">
          <reporter-output>
          </reporter-output>
        </test-method> <!-- setup -->
        <test-method signature="bumodule()[pri:0, instance:testcases.Login@2892dae4]" started-at="2023-07-19T10:57:05 IST" name="bumodule" finished-at="2023-07-19T10:57:16 IST" duration-ms="11687" status="PASS">
          <reporter-output>
          </reporter-output>
        </test-method> <!-- bumodule -->
        <test-method signature="invalidpasswd()[pri:0, instance:testcases.Login@2892dae4]" started-at="2023-07-19T10:57:16 IST" name="invalidpasswd" finished-at="2023-07-19T10:57:32 IST" duration-ms="15565" status="PASS">
          <reporter-output>
          </reporter-output>
        </test-method> <!-- invalidpasswd -->
        <test-method signature="launchurl()[pri:0, instance:testcases.Login@2892dae4]" started-at="2023-07-19T10:57:32 IST" name="launchurl" finished-at="2023-07-19T10:57:48 IST" duration-ms="15549" status="PASS">
          <reporter-output>
          </reporter-output>
        </test-method> <!-- launchurl -->
        <test-method is-config="true" signature="tearDownTest()[pri:0, instance:testcases.Login@2892dae4]" started-at="2023-07-19T10:57:48 IST" name="tearDownTest" finished-at="2023-07-19T10:57:48 IST" duration-ms="334" status="PASS">
          <reporter-output>
          </reporter-output>
        </test-method> <!-- tearDownTest -->
      </class> <!-- testcases.Login -->
    </test> <!-- Test -->
  </suite> <!-- Suite -->
</testng-results>
