<?xml version="1.0" encoding="UTF-8"?>
<testng-results ignored="0" total="3" passed="3" failed="0" skipped="0">
  <reporter-output>
  </reporter-output>
  <suite started-at="2023-07-19T10:55:01 IST" name="Suite" finished-at="2023-07-19T10:55:46 IST" duration-ms="44752">
    <groups>
    </groups>
    <test started-at="2023-07-19T10:55:01 IST" name="Test" finished-at="2023-07-19T10:55:46 IST" duration-ms="44752">
      <class name="testcases.Login">
        <test-method is-config="true" signature="setup()[pri:0, instance:testcases.Login@2892dae4]" started-at="2023-07-19T10:55:01 IST" name="setup" finished-at="2023-07-19T10:55:03 IST" duration-ms="1770" status="PASS">
          <reporter-output>
          </reporter-output>
        </test-method> <!-- setup -->
        <test-method signature="bumodule()[pri:0, instance:testcases.Login@2892dae4]" started-at="2023-07-19T10:55:03 IST" name="bumodule" finished-at="2023-07-19T10:55:14 IST" duration-ms="11422" status="PASS">
          <reporter-output>
          </reporter-output>
        </test-method> <!-- bumodule -->
        <test-method signature="invalidpasswd()[pri:0, instance:testcases.Login@2892dae4]" started-at="2023-07-19T10:55:14 IST" name="invalidpasswd" finished-at="2023-07-19T10:55:30 IST" duration-ms="15581" status="PASS">
          <reporter-output>
          </reporter-output>
        </test-method> <!-- invalidpasswd -->
        <test-method signature="launchurl()[pri:0, instance:testcases.Login@2892dae4]" started-at="2023-07-19T10:55:30 IST" name="launchurl" finished-at="2023-07-19T10:55:46 IST" duration-ms="15582" status="PASS">
          <reporter-output>
          </reporter-output>
        </test-method> <!-- launchurl -->
        <test-method is-config="true" signature="tearDownTest()[pri:0, instance:testcases.Login@2892dae4]" started-at="2023-07-19T10:55:46 IST" name="tearDownTest" finished-at="2023-07-19T10:55:46 IST" duration-ms="348" status="PASS">
          <reporter-output>
          </reporter-output>
        </test-method> <!-- tearDownTest -->
      </class> <!-- testcases.Login -->
    </test> <!-- Test -->
  </suite> <!-- Suite -->
</testng-results>
