<?xml version="1.0" encoding="UTF-8"?>
<testng-results ignored="0" total="3" passed="3" failed="0" skipped="0">
  <reporter-output>
  </reporter-output>
  <suite started-at="2023-07-18T13:46:36 IST" name="Suite" finished-at="2023-07-18T13:47:24 IST" duration-ms="48712">
    <groups>
    </groups>
    <test started-at="2023-07-18T13:46:36 IST" name="Test" finished-at="2023-07-18T13:47:24 IST" duration-ms="48712">
      <class name="testcases.Login">
        <test-method is-config="true" signature="setup()[pri:0, instance:testcases.Login@33990a0c]" started-at="2023-07-18T13:46:36 IST" name="setup" finished-at="2023-07-18T13:46:38 IST" duration-ms="2395" status="PASS">
          <reporter-output>
          </reporter-output>
        </test-method> <!-- setup -->
        <test-method signature="bumodule()[pri:0, instance:testcases.Login@33990a0c]" started-at="2023-07-18T13:46:38 IST" name="bumodule" finished-at="2023-07-18T13:46:51 IST" duration-ms="13177" status="PASS">
          <reporter-output>
          </reporter-output>
        </test-method> <!-- bumodule -->
        <test-method signature="invalidpasswd()[pri:0, instance:testcases.Login@33990a0c]" started-at="2023-07-18T13:46:51 IST" name="invalidpasswd" finished-at="2023-07-18T13:47:07 IST" duration-ms="15600" status="PASS">
          <reporter-output>
          </reporter-output>
        </test-method> <!-- invalidpasswd -->
        <test-method signature="launchurl()[pri:0, instance:testcases.Login@33990a0c]" started-at="2023-07-18T13:47:07 IST" name="launchurl" finished-at="2023-07-18T13:47:24 IST" duration-ms="17128" status="PASS">
          <reporter-output>
          </reporter-output>
        </test-method> <!-- launchurl -->
        <test-method is-config="true" signature="tearDownTest()[pri:0, instance:testcases.Login@33990a0c]" started-at="2023-07-18T13:47:24 IST" name="tearDownTest" finished-at="2023-07-18T13:47:24 IST" duration-ms="352" status="PASS">
          <reporter-output>
          </reporter-output>
        </test-method> <!-- tearDownTest -->
      </class> <!-- testcases.Login -->
    </test> <!-- Test -->
  </suite> <!-- Suite -->
</testng-results>
